  Building Custom Rule C:/Users/Robert/Documents/GitHub/3D-Software-Renderer/CMakeLists.txt
  camera.cpp
  display.cpp
  drawing.cpp
C:\Users\Robert\Documents\GitHub\3D-Software-Renderer\include\lights.h(16,22): warning C4244: '+=': conversion from 'float' to 'Uint32', possible loss of data
C:\Users\Robert\Documents\GitHub\3D-Software-Renderer\include\shader.h(67,21): warning C4244: 'initializing': conversion from 'double' to 'float', possible loss of data
C:\Users\Robert\Documents\GitHub\3D-Software-Renderer\include\shader.h(96,28): warning C4244: 'initializing': conversion from 'double' to 'float', possible loss of data
C:\Users\Robert\Documents\GitHub\3D-Software-Renderer\include\shader.h(105,26): warning C4244: 'initializing': conversion from 'double' to 'float', possible loss of data
C:\Users\Robert\Documents\GitHub\3D-Software-Renderer\src\drawing.cpp(74,14): warning C4244: 'initializing': conversion from '_Ty' to 'int', possible loss of data
          with
          [
              _Ty=float
          ]
C:\Users\Robert\Documents\GitHub\3D-Software-Renderer\src\drawing.cpp(75,14): warning C4244: 'initializing': conversion from '_Ty' to 'int', possible loss of data
          with
          [
              _Ty=float
          ]
C:\Users\Robert\Documents\GitHub\3D-Software-Renderer\src\drawing.cpp(76,14): warning C4244: 'initializing': conversion from '_Ty' to 'int', possible loss of data
          with
          [
              _Ty=float
          ]
C:\Users\Robert\Documents\GitHub\3D-Software-Renderer\src\drawing.cpp(77,14): warning C4244: 'initializing': conversion from '_Ty' to 'int', possible loss of data
          with
          [
              _Ty=float
          ]
C:\Users\Robert\Documents\GitHub\3D-Software-Renderer\src\drawing.cpp(117,44): warning C4244: 'argument': conversion from 'T' to 'int', possible loss of data
          with
          [
              T=float
          ]
C:\Users\Robert\Documents\GitHub\3D-Software-Renderer\src\drawing.cpp(117,39): warning C4244: 'argument': conversion from 'T' to 'int', possible loss of data
          with
          [
              T=float
          ]
  engine.cpp
C:\Users\Robert\Documents\GitHub\3D-Software-Renderer\include\lights.h(16,22): warning C4244: '+=': conversion from 'float' to 'Uint32', possible loss of data
C:\Users\Robert\Documents\GitHub\3D-Software-Renderer\include\shader.h(67,21): warning C4244: 'initializing': conversion from 'double' to 'float', possible loss of data
C:\Users\Robert\Documents\GitHub\3D-Software-Renderer\include\shader.h(96,28): warning C4244: 'initializing': conversion from 'double' to 'float', possible loss of data
C:\Users\Robert\Documents\GitHub\3D-Software-Renderer\include\shader.h(105,26): warning C4244: 'initializing': conversion from 'double' to 'float', possible loss of data
  input.cpp
C:\Users\Robert\Documents\GitHub\3D-Software-Renderer\include\lights.h(16,22): warning C4244: '+=': conversion from 'float' to 'Uint32', possible loss of data
C:\Users\Robert\Documents\GitHub\3D-Software-Renderer\include\shader.h(67,21): warning C4244: 'initializing': conversion from 'double' to 'float', possible loss of data
C:\Users\Robert\Documents\GitHub\3D-Software-Renderer\include\shader.h(96,28): warning C4244: 'initializing': conversion from 'double' to 'float', possible loss of data
C:\Users\Robert\Documents\GitHub\3D-Software-Renderer\include\shader.h(105,26): warning C4244: 'initializing': conversion from 'double' to 'float', possible loss of data
  main.cpp
C:\Users\Robert\Documents\GitHub\3D-Software-Renderer\include\lights.h(16,22): warning C4244: '+=': conversion from 'float' to 'Uint32', possible loss of data
C:\Users\Robert\Documents\GitHub\3D-Software-Renderer\include\shader.h(67,21): warning C4244: 'initializing': conversion from 'double' to 'float', possible loss of data
C:\Users\Robert\Documents\GitHub\3D-Software-Renderer\include\shader.h(96,28): warning C4244: 'initializing': conversion from 'double' to 'float', possible loss of data
C:\Users\Robert\Documents\GitHub\3D-Software-Renderer\include\shader.h(105,26): warning C4244: 'initializing': conversion from 'double' to 'float', possible loss of data
  model.cpp
C:\Users\Robert\Documents\GitHub\3D-Software-Renderer\src\model.cpp(74,35): warning C4267: 'argument': conversion from 'size_t' to 'glm::vec<3,int,glm::packed_highp>::length_type', possible loss of data
C:\Users\Robert\Documents\GitHub\3D-Software-Renderer\src\model.cpp(75,36): warning C4267: 'argument': conversion from 'size_t' to 'glm::vec<3,int,glm::packed_highp>::length_type', possible loss of data
C:\Users\Robert\Documents\GitHub\3D-Software-Renderer\src\model.cpp(76,35): warning C4267: 'argument': conversion from 'size_t' to 'glm::vec<3,int,glm::packed_highp>::length_type', possible loss of data
  renderer.cpp
C:\Users\Robert\Documents\GitHub\3D-Software-Renderer\include\lights.h(16,22): warning C4244: '+=': conversion from 'float' to 'Uint32', possible loss of data
C:\Users\Robert\Documents\GitHub\3D-Software-Renderer\include\shader.h(67,21): warning C4244: 'initializing': conversion from 'double' to 'float', possible loss of data
C:\Users\Robert\Documents\GitHub\3D-Software-Renderer\include\shader.h(96,28): warning C4244: 'initializing': conversion from 'double' to 'float', possible loss of data
C:\Users\Robert\Documents\GitHub\3D-Software-Renderer\include\shader.h(105,26): warning C4244: 'initializing': conversion from 'double' to 'float', possible loss of data
C:\Users\Robert\Documents\GitHub\3D-Software-Renderer\src\renderer.cpp(43,8): warning C4101: 'transformedBB': unreferenced local variable
  scene.cpp
C:\Users\Robert\Documents\GitHub\3D-Software-Renderer\include\lights.h(16,22): warning C4244: '+=': conversion from 'float' to 'Uint32', possible loss of data
C:\Users\Robert\Documents\GitHub\3D-Software-Renderer\src\scene.cpp(197,34): warning C4244: 'argument': conversion from 'int' to 'float', possible loss of data
  texture.cpp
C:\Users\Robert\Documents\GitHub\3D-Software-Renderer\src\texture.cpp(142,25): warning C4244: 'argument': conversion from 'float' to 'int', possible loss of data
C:\Users\Robert\Documents\GitHub\3D-Software-Renderer\src\texture.cpp(142,22): warning C4244: 'argument': conversion from 'float' to 'int', possible loss of data
  Generating Code...
LINK : warning LNK4044: unrecognized option '/openmp'; ignored
  Software-Renderer.vcxproj -> C:\Users\Robert\Documents\GitHub\3D-Software-Renderer\Debug\Software-Renderer.exe
